#
# There is insufficient memory for the Java Runtime Environment to continue.
# Native memory allocation (malloc) failed to allocate 395456 bytes for Chunk::new
# Possible reasons:
#   The system is out of physical RAM or swap space
#   The process is running with CompressedOops enabled, and the Java Heap may be blocking the growth of the native heap
# Possible solutions:
#   Reduce memory load on the system
#   Increase physical memory or swap space
#   Check if swap backing store is full
#   Decrease Java heap size (-Xmx/-Xms)
#   Decrease number of Java threads
#   Decrease Java thread stack sizes (-Xss)
#   Set larger code cache with -XX:ReservedCodeCacheSize=
#   JVM is running with Unscaled Compressed Oops mode in which the Java heap is
#     placed in the first 4GB address space. The Java Heap base address is the
#     maximum limit for the native heap growth. Please use -XX:HeapBaseMinAddress
#     to set the Java Heap base and to place the Java Heap above 4GB virtual address.
# This output file may be truncated or incomplete.
#
#  Out of Memory Error (allocation.cpp:389), pid=11820, tid=0x0000000000003880
#
# JRE version: OpenJDK Runtime Environment (8.0_242-b01) (build 1.8.0_242-release-1644-b01)
# Java VM: OpenJDK 64-Bit Server VM (25.242-b01 mixed mode windows-amd64 compressed oops)
# Failed to write core dump. Minidumps are not enabled by default on client versions of Windows
#

---------------  T H R E A D  ---------------

Current thread (0x000000001738a800):  JavaThread "C2 CompilerThread0" daemon [_thread_in_native, id=14464, stack(0x00000000189e0000,0x0000000018ae0000)]

Stack: [0x00000000189e0000,0x0000000018ae0000]
[error occurred during error reporting (printing stack bounds), id 0xc0000005]

Native frames: (J=compiled Java code, j=interpreted, Vv=VM code, C=native code)


Current CompileTask:
C2:  13562 1167 % !   4       java.util.jar.Attributes::read @ 177 (380 bytes)


---------------  P R O C E S S  ---------------

Java Threads: ( => current thread )
  0x0000000019e17800 JavaThread "Exec process" [_thread_in_native, id=15944, stack(0x000000001b530000,0x000000001b630000)]
  0x000000001996d800 JavaThread "pool-1-thread-1" [_thread_blocked, id=5696, stack(0x000000001aab0000,0x000000001abb0000)]
  0x00000000173de800 JavaThread "Service Thread" daemon [_thread_blocked, id=18672, stack(0x00000000190e0000,0x00000000191e0000)]
  0x00000000173b1800 JavaThread "C1 CompilerThread2" daemon [_thread_blocked, id=2612, stack(0x0000000018be0000,0x0000000018ce0000)]
  0x000000001738e000 JavaThread "C2 CompilerThread1" daemon [_thread_blocked, id=4232, stack(0x0000000018ae0000,0x0000000018be0000)]
=>0x000000001738a800 JavaThread "C2 CompilerThread0" daemon [_thread_in_native, id=14464, stack(0x00000000189e0000,0x0000000018ae0000)]
  0x0000000017389800 JavaThread "Attach Listener" daemon [_thread_blocked, id=7836, stack(0x00000000188e0000,0x00000000189e0000)]
  0x0000000017386000 JavaThread "Signal Dispatcher" daemon [_thread_blocked, id=20580, stack(0x00000000187e0000,0x00000000188e0000)]
  0x000000000283c000 JavaThread "Finalizer" daemon [_thread_blocked, id=536, stack(0x00000000185e0000,0x00000000186e0000)]
  0x0000000017369800 JavaThread "Reference Handler" daemon [_thread_blocked, id=11284, stack(0x00000000184e0000,0x00000000185e0000)]
  0x0000000002742800 JavaThread "main" [_thread_blocked, id=20212, stack(0x0000000002560000,0x0000000002660000)]

Other Threads:
  0x0000000017347800 VMThread [stack: 0x00000000183e0000,0x00000000184e0000] [id=9988]
  0x0000000018d1c000 WatcherThread [stack: 0x00000000191e0000,0x00000000192e0000] [id=9256]

VM state:not at safepoint (normal execution)

VM Mutex/Monitor currently owned by a thread: None

heap address: 0x0000000081a00000, size: 2022 MB, Compressed Oops mode: 32-bit
Narrow klass base: 0x0000000000000000, Narrow klass shift: 3
Compressed class space size: 1073741824 Address: 0x0000000100000000

Heap:
 PSYoungGen      total 38400K, used 38038K [0x00000000d5e00000, 0x00000000d8880000, 0x0000000100000000)
  eden space 33280K, 100% used [0x00000000d5e00000,0x00000000d7e80000,0x00000000d7e80000)
  from space 5120K, 92% used [0x00000000d7e80000,0x00000000d83258e8,0x00000000d8380000)
  to   space 5120K, 0% used [0x00000000d8380000,0x00000000d8380000,0x00000000d8880000)
 ParOldGen       total 87552K, used 16K [0x0000000081a00000, 0x0000000086f80000, 0x00000000d5e00000)
  object space 87552K, 0% used [0x0000000081a00000,0x0000000081a04000,0x0000000086f80000)
 Metaspace       used 11519K, capacity 11832K, committed 12160K, reserved 1060864K
  class space    used 1488K, capacity 1604K, committed 1664K, reserved 1048576K

Card table byte_map: [0x0000000011c00000,0x0000000012000000] byte_map_base: 0x00000000117f3000

Marking Bits: (ParMarkBitMap*) 0x000000006000f030
 Begin Bits: [0x00000000126b0000, 0x0000000014648000)
 End Bits:   [0x0000000014648000, 0x00000000165e0000)

Polling page: 0x0000000000cb0000

CodeCache: size=245760Kb used=4279Kb max_used=4289Kb free=241480Kb
 bounds [0x0000000002840000, 0x0000000002c80000, 0x0000000011840000]
 total_blobs=1532 nmethods=1168 adapters=277
 compilation: enabled

Compilation events (10 events):
Event: 13.534 Thread 0x00000000173b1800 nmethod 1161 0x0000000002c6f710 code [0x0000000002c6f880, 0x0000000002c6fb68]
Event: 13.534 Thread 0x00000000173b1800 1165       1       java.lang.Integer::intValue (5 bytes)
Event: 13.534 Thread 0x00000000173b1800 nmethod 1165 0x0000000002c6f450 code [0x0000000002c6f5a0, 0x0000000002c6f6b0]
Event: 13.534 Thread 0x00000000173b1800 1164       1       java.net.InetAddress$InetAddressHolder::getAddress (5 bytes)
Event: 13.534 Thread 0x00000000173b1800 nmethod 1164 0x0000000002c6f190 code [0x0000000002c6f2e0, 0x0000000002c6f3f0]
Event: 13.536 Thread 0x000000001738e000 1166       4       java.net.URI::quote (208 bytes)
Event: 13.539 Thread 0x000000001738e000 nmethod 1166 0x0000000002c6d490 code [0x0000000002c6d5e0, 0x0000000002c6d998]
Event: 13.539 Thread 0x000000001738a800 1167 % !   4       java.util.jar.Attributes::read @ 177 (380 bytes)
Event: 13.541 Thread 0x000000001738e000 1168       4       java.util.jar.Attributes$Name::hashCode (24 bytes)
Event: 13.544 Thread 0x000000001738e000 nmethod 1168 0x0000000002c726d0 code [0x0000000002c72820, 0x0000000002c72ad8]

GC Heap History (2 events):
Event: 1.560 GC heap before
{Heap before GC invocations=1 (full 0):
 PSYoungGen      total 38400K, used 33280K [0x00000000d5e00000, 0x00000000d8880000, 0x0000000100000000)
  eden space 33280K, 100% used [0x00000000d5e00000,0x00000000d7e80000,0x00000000d7e80000)
  from space 5120K, 0% used [0x00000000d8380000,0x00000000d8380000,0x00000000d8880000)
  to   space 5120K, 0% used [0x00000000d7e80000,0x00000000d7e80000,0x00000000d8380000)
 ParOldGen       total 87552K, used 0K [0x0000000081a00000, 0x0000000086f80000, 0x00000000d5e00000)
  object space 87552K, 0% used [0x0000000081a00000,0x0000000081a00000,0x0000000086f80000)
 Metaspace       used 8402K, capacity 8678K, committed 8960K, reserved 1056768K
  class space    used 1103K, capacity 1215K, committed 1280K, reserved 1048576K
Event: 1.564 GC heap after
Heap after GC invocations=1 (full 0):
 PSYoungGen      total 38400K, used 4758K [0x00000000d5e00000, 0x00000000d8880000, 0x0000000100000000)
  eden space 33280K, 0% used [0x00000000d5e00000,0x00000000d5e00000,0x00000000d7e80000)
  from space 5120K, 92% used [0x00000000d7e80000,0x00000000d83258e8,0x00000000d8380000)
  to   space 5120K, 0% used [0x00000000d8380000,0x00000000d8380000,0x00000000d8880000)
 ParOldGen       total 87552K, used 16K [0x0000000081a00000, 0x0000000086f80000, 0x00000000d5e00000)
  object space 87552K, 0% used [0x0000000081a00000,0x0000000081a04000,0x0000000086f80000)
 Metaspace       used 8402K, capacity 8678K, committed 8960K, reserved 1056768K
  class space    used 1103K, capacity 1215K, committed 1280K, reserved 1048576K
}

Deoptimization events (10 events):
Event: 1.362 Thread 0x0000000002742800 Uncommon trap: reason=unstable_if action=reinterpret pc=0x0000000002a1ef00 method=java.util.regex.Matcher.reset()Ljava/util/regex/Matcher; @ 47
Event: 1.362 Thread 0x0000000002742800 Uncommon trap: reason=class_check action=maybe_recompile pc=0x0000000002a30f5c method=java.util.regex.Matcher.match(II)Z @ 86
Event: 1.362 Thread 0x0000000002742800 Uncommon trap: reason=class_check action=maybe_recompile pc=0x0000000002a30f5c method=java.util.regex.Matcher.match(II)Z @ 86
Event: 1.362 Thread 0x0000000002742800 Uncommon trap: reason=class_check action=maybe_recompile pc=0x0000000002a30f5c method=java.util.regex.Matcher.match(II)Z @ 86
Event: 1.362 Thread 0x0000000002742800 Uncommon trap: reason=class_check action=maybe_recompile pc=0x0000000002a30f5c method=java.util.regex.Matcher.match(II)Z @ 86
Event: 1.638 Thread 0x0000000002742800 Uncommon trap: reason=unstable_if action=reinterpret pc=0x0000000002ac70b4 method=java.util.HashMap.getNode(ILjava/lang/Object;)Ljava/util/HashMap$Node; @ 129
Event: 1.638 Thread 0x0000000002742800 Uncommon trap: reason=class_check action=maybe_recompile pc=0x0000000002ac5210 method=java.util.HashMap.putVal(ILjava/lang/Object;Ljava/lang/Object;ZZ)Ljava/lang/Object; @ 203
Event: 3.197 Thread 0x000000001a126800 Uncommon trap: reason=unstable_if action=reinterpret pc=0x0000000002ab1d04 method=java.util.HashMap.getNode(ILjava/lang/Object;)Ljava/util/HashMap$Node; @ 129
Event: 3.197 Thread 0x000000001a126800 Uncommon trap: reason=class_check action=maybe_recompile pc=0x0000000002ac5210 method=java.util.HashMap.putVal(ILjava/lang/Object;Ljava/lang/Object;ZZ)Ljava/lang/Object; @ 203
Event: 3.197 Thread 0x000000001a126800 Uncommon trap: reason=class_check action=maybe_recompile pc=0x0000000002ac5210 method=java.util.HashMap.putVal(ILjava/lang/Object;Ljava/lang/Object;ZZ)Ljava/lang/Object; @ 203

Classes redefined (0 events):
No events

Internal exceptions (10 events):
Event: 1.578 Thread 0x0000000002742800 Exception <a 'java/lang/ArrayIndexOutOfBoundsException'> (0x00000000d5e6c310) thrown at [C:\src\AOSP-openjdk-git\hotspot\src\share\vm\runtime\sharedRuntime.cpp, line 605]
Event: 1.578 Thread 0x0000000002742800 Exception <a 'java/lang/ArrayIndexOutOfBoundsException'> (0x00000000d5e70740) thrown at [C:\src\AOSP-openjdk-git\hotspot\src\share\vm\runtime\sharedRuntime.cpp, line 605]
Event: 1.583 Thread 0x0000000002742800 Exception <a 'java/lang/ArrayIndexOutOfBoundsException'> (0x00000000d5f33880) thrown at [C:\src\AOSP-openjdk-git\hotspot\src\share\vm\runtime\sharedRuntime.cpp, line 605]
Event: 1.584 Thread 0x0000000002742800 Exception <a 'java/lang/ArrayIndexOutOfBoundsException'> (0x00000000d5f34c48) thrown at [C:\src\AOSP-openjdk-git\hotspot\src\share\vm\runtime\sharedRuntime.cpp, line 605]
Event: 1.584 Thread 0x0000000002742800 Exception <a 'java/lang/ArrayIndexOutOfBoundsException'> (0x00000000d5f364b0) thrown at [C:\src\AOSP-openjdk-git\hotspot\src\share\vm\runtime\sharedRuntime.cpp, line 605]
Event: 1.584 Thread 0x0000000002742800 Exception <a 'java/lang/ArrayIndexOutOfBoundsException'> (0x00000000d5f38290) thrown at [C:\src\AOSP-openjdk-git\hotspot\src\share\vm\runtime\sharedRuntime.cpp, line 605]
Event: 1.584 Thread 0x0000000002742800 Exception <a 'java/lang/ArrayIndexOutOfBoundsException'> (0x00000000d5f394f8) thrown at [C:\src\AOSP-openjdk-git\hotspot\src\share\vm\runtime\sharedRuntime.cpp, line 605]
Event: 1.584 Thread 0x0000000002742800 Exception <a 'java/lang/ArrayIndexOutOfBoundsException'> (0x00000000d5f3cb00) thrown at [C:\src\AOSP-openjdk-git\hotspot\src\share\vm\runtime\sharedRuntime.cpp, line 605]
Event: 1.584 Thread 0x0000000002742800 Exception <a 'java/lang/ArrayIndexOutOfBoundsException'> (0x00000000d5f3f740) thrown at [C:\src\AOSP-openjdk-git\hotspot\src\share\vm\runtime\sharedRuntime.cpp, line 605]
Event: 6.139 Thread 0x0000000002742800 Exception <a 'java/io/IOException'> (0x00000000d6e6d608) thrown at [C:\src\AOSP-openjdk-git\hotspot\src\share\vm\prims\jni.cpp, line 710]

Events (10 events):
Event: 13.527 loading class sun/reflect/Label$PatchInfo done
Event: 13.527 loading class sun/reflect/MethodAccessorGenerator$1
Event: 13.527 loading class sun/reflect/MethodAccessorGenerator$1 done
Event: 13.527 loading class sun/reflect/ClassDefiner
Event: 13.527 loading class sun/reflect/ClassDefiner done
Event: 13.527 loading class sun/reflect/ClassDefiner$1
Event: 13.527 loading class sun/reflect/ClassDefiner$1 done
Event: 13.536 Thread 0x0000000002742800 DEOPT PACKING pc=0x0000000002b63e68 sp=0x000000000265cac0
Event: 13.536 Thread 0x0000000002742800 DEOPT UNPACKING pc=0x00000000028875d0 sp=0x000000000265c910 mode 0
Event: 13.561 Thread 0x0000000019e17800 Thread added: 0x0000000019e17800


Dynamic libraries:
0x00007ff665330000 - 0x00007ff665361000 	C:\Program Files\Android\Android Studio\jre\bin\java.exe
0x00007ffb839f0000 - 0x00007ffb83be5000 	C:\WINDOWS\SYSTEM32\ntdll.dll
0x00007ffb833b0000 - 0x00007ffb8346e000 	C:\WINDOWS\System32\KERNEL32.DLL
0x00007ffb81330000 - 0x00007ffb815f8000 	C:\WINDOWS\System32\KERNELBASE.dll
0x00007ffb83300000 - 0x00007ffb833ae000 	C:\WINDOWS\System32\ADVAPI32.dll
0x00007ffb831e0000 - 0x00007ffb8327e000 	C:\WINDOWS\System32\msvcrt.dll
0x00007ffb83470000 - 0x00007ffb8350c000 	C:\WINDOWS\System32\sechost.dll
0x00007ffb837f0000 - 0x00007ffb83915000 	C:\WINDOWS\System32\RPCRT4.dll
0x00007ffb82a00000 - 0x00007ffb82ba0000 	C:\WINDOWS\System32\USER32.dll
0x00007ffb81110000 - 0x00007ffb81132000 	C:\WINDOWS\System32\win32u.dll
0x00007ffb83980000 - 0x00007ffb839ab000 	C:\WINDOWS\System32\GDI32.dll
0x00007ffb81890000 - 0x00007ffb8199b000 	C:\WINDOWS\System32\gdi32full.dll
0x00007ffb81140000 - 0x00007ffb811dd000 	C:\WINDOWS\System32\msvcp_win.dll
0x00007ffb811e0000 - 0x00007ffb812e0000 	C:\WINDOWS\System32\ucrtbase.dll
0x00007ffb6fca0000 - 0x00007ffb6ff3a000 	C:\WINDOWS\WinSxS\amd64_microsoft.windows.common-controls_6595b64144ccf1df_6.0.19041.1110_none_60b5254171f9507e\COMCTL32.dll
0x00007ffb82ba0000 - 0x00007ffb82bd0000 	C:\WINDOWS\System32\IMM32.DLL
0x000000005f680000 - 0x000000005f752000 	C:\Program Files\Android\Android Studio\jre\jre\bin\msvcr100.dll
0x000000005f840000 - 0x000000006008b000 	C:\Program Files\Android\Android Studio\jre\jre\bin\server\jvm.dll
0x00007ffb81b60000 - 0x00007ffb81b68000 	C:\WINDOWS\System32\PSAPI.DLL
0x00007ffb67ec0000 - 0x00007ffb67ec9000 	C:\WINDOWS\SYSTEM32\WSOCK32.dll
0x00007ffb828c0000 - 0x00007ffb8292b000 	C:\WINDOWS\System32\WS2_32.dll
0x00007ffb76f60000 - 0x00007ffb76f87000 	C:\WINDOWS\SYSTEM32\WINMM.dll
0x00007ffb7f100000 - 0x00007ffb7f10a000 	C:\WINDOWS\SYSTEM32\VERSION.dll
0x00007ffb7a9f0000 - 0x00007ffb7a9ff000 	C:\Program Files\Android\Android Studio\jre\jre\bin\verify.dll
0x00007ffb785c0000 - 0x00007ffb785e9000 	C:\Program Files\Android\Android Studio\jre\jre\bin\java.dll
0x00007ffb6eb30000 - 0x00007ffb6eb46000 	C:\Program Files\Android\Android Studio\jre\jre\bin\zip.dll
0x00007ffb81c60000 - 0x00007ffb823a4000 	C:\WINDOWS\System32\SHELL32.dll
0x00007ffb7f200000 - 0x00007ffb7f994000 	C:\WINDOWS\SYSTEM32\windows.storage.dll
0x00007ffb823b0000 - 0x00007ffb82704000 	C:\WINDOWS\System32\combase.dll
0x00007ffb80b70000 - 0x00007ffb80b9c000 	C:\WINDOWS\SYSTEM32\Wldp.dll
0x00007ffb82950000 - 0x00007ffb829fd000 	C:\WINDOWS\System32\SHCORE.dll
0x00007ffb81c00000 - 0x00007ffb81c55000 	C:\WINDOWS\System32\shlwapi.dll
0x00007ffb81050000 - 0x00007ffb8106f000 	C:\WINDOWS\SYSTEM32\profapi.dll
0x00007ffb6eb10000 - 0x00007ffb6eb2a000 	C:\Program Files\Android\Android Studio\jre\jre\bin\net.dll
0x00007ffb808d0000 - 0x00007ffb8093a000 	C:\WINDOWS\system32\mswsock.dll
0x00007ffb6eaf0000 - 0x00007ffb6eb03000 	C:\Program Files\Android\Android Studio\jre\jre\bin\nio.dll
0x00007ffb4bd40000 - 0x00007ffb4bd66000 	C:\Users\Beka\.gradle\native\fdc75f09e3144964f2cf3f50f0aa648679c211496f362492102eb8c894070792\windows-amd64\native-platform.dll
0x00007ffb45470000 - 0x00007ffb45601000 	C:\Users\Beka\.gradle\native\12488b8bf47d2d4c9fbf2f6322a914ad602e24e48041cd04a747c6da556b65c4\windows-amd64\native-platform-file-events.dll
0x00007ffb7a9d0000 - 0x00007ffb7a9dd000 	C:\Program Files\Android\Android Studio\jre\jre\bin\management.dll
0x00007ffb80ac0000 - 0x00007ffb80ad8000 	C:\WINDOWS\SYSTEM32\CRYPTSP.dll
0x00007ffb80180000 - 0x00007ffb801b4000 	C:\WINDOWS\system32\rsaenh.dll
0x00007ffb81860000 - 0x00007ffb81887000 	C:\WINDOWS\System32\bcrypt.dll
0x00007ffb81010000 - 0x00007ffb8103e000 	C:\WINDOWS\SYSTEM32\USERENV.dll
0x00007ffb81600000 - 0x00007ffb81682000 	C:\WINDOWS\System32\bcryptprimitives.dll
0x00007ffb80ae0000 - 0x00007ffb80aec000 	C:\WINDOWS\SYSTEM32\CRYPTBASE.dll
0x00007ffb80570000 - 0x00007ffb805ab000 	C:\WINDOWS\SYSTEM32\IPHLPAPI.DLL
0x00007ffb82bd0000 - 0x00007ffb82bd8000 	C:\WINDOWS\System32\NSI.dll
0x00007ffb78870000 - 0x00007ffb78887000 	C:\WINDOWS\SYSTEM32\dhcpcsvc6.DLL
0x00007ffb779b0000 - 0x00007ffb779cd000 	C:\WINDOWS\SYSTEM32\dhcpcsvc.DLL
0x00007ffb805b0000 - 0x00007ffb8067a000 	C:\WINDOWS\SYSTEM32\DNSAPI.dll
0x00007ffb79d50000 - 0x00007ffb79d5b000 	C:\WINDOWS\SYSTEM32\WINNSI.DLL

VM Arguments:
jvm_args: -Dorg.gradle.appname=gradlew 
java_command: org.gradle.wrapper.GradleWrapperMain -q -Ptarget-platform=android-arm64 -Ptarget=C:\Users\Beka\Desktop\Sheger Parking\sheger_parking\lib\main.dart -Pdart-defines=Zmx1dHRlci5pbnNwZWN0b3Iuc3RydWN0dXJlZEVycm9ycz10cnVl,RkxVVFRFUl9XRUJfQVVUT19ERVRFQ1Q9dHJ1ZQ== -Pdart-obfuscation=false -Ptrack-widget-creation=true -Ptree-shake-icons=false -Pfilesystem-scheme=org-dartlang-root assembleDebug
java_class_path (initial): C:\Users\Beka\Desktop\Sheger Parking\sheger_parking\android\\gradle\wrapper\gradle-wrapper.jar
Launcher Type: SUN_STANDARD

Environment Variables:
JAVA_HOME=C:\Program Files\Android\Android Studio\jre
CLASSPATH=C:\Users\Beka\Desktop\Sheger Parking\sheger_parking\android\\gradle\wrapper\gradle-wrapper.jar
PATH=C:\Program Files\Common Files\Oracle\Java\javapath;C:\Program Files (x86)\Common Files\Oracle\Java\javapath;C:\Program Files (x86)\Intel\iCLS Client\;C:\Program Files\Intel\iCLS Client\;C:\Windows\system32;C:\Windows;C:\Windows\System32\Wbem;C:\Windows\System32\WindowsPowerShell\v1.0\;C:\Program Files (x86)\Intel\Intel(R) Management Engine Components\DAL;C:\Program Files\Intel\Intel(R) Management Engine Components\DAL;C:\Program Files (x86)\Intel\Intel(R) Management Engine Components\IPT;C:\Program Files\Intel\Intel(R) Management Engine Components\IPT;C:\Program Files (x86)\NVIDIA Corporation\PhysX\Common;C:\WINDOWS\system32;C:\WINDOWS;C:\WINDOWS\System32\Wbem;C:\WINDOWS\System32\WindowsPowerShell\v1.0\;C:\WINDOWS\System32\OpenSSH\;C:\Program Files\Java\jre1.8.0_241\bin;C:\Program Files\Android\Android Studio\jre\bin;C:\Users\Beka\Downloads\Compressed\flutter\bin;C:\Program Files\Git\cmd;C:\Program Files\Java\jdk-17.0.1\bin;C:\Program Files\MongoDB\Server\5.0\bin;C:\Program Files\PuTTY\;C:\Program Files\nodejs\;C:\Users\Beka\AppData\Local\Programs\Python\Python38-32\Scripts\;C:\Users\Beka\AppData\Local\Programs\Python\Python38-32\;C:\Users\Beka\AppData\Local\Microsoft\WindowsApps;C:\Users\Beka\AppData\Local\Programs\Microsoft VS Code\bin;C:\src\flutter\bin;;C:\Program Files\JetBrains\IntelliJ IDEA Community Edition 2021.3.1\bin;;C:\Users\Beka\AppData\Roaming\npm;C:\src\flutter\bin\mingit\cmd
USERNAME=Beka
OS=Windows_NT
PROCESSOR_IDENTIFIER=Intel64 Family 6 Model 158 Stepping 9, GenuineIntel



---------------  S Y S T E M  ---------------

OS: Windows 10.0 , 64 bit Build 19041 (10.0.19041.1566)

CPU:total 4 (initial active 4) (4 cores per cpu, 1 threads per core) family 6 model 158 stepping 9, cmov, cx8, fxsr, mmx, sse, sse2, sse3, ssse3, sse4.1, sse4.2, popcnt, avx, avx2, aes, clmul, erms, 3dnowpref, lzcnt, tsc, tscinvbit, bmi1, bmi2, adx

Memory: 4k page, physical 8278180k(124716k free), swap 28725412k(4372k free)

vm_info: OpenJDK 64-Bit Server VM (25.242-b01) for windows-amd64 JRE (1.8.0_242-release-1644-b01), built by "builder" with MS VC++ 10.0 (VS2010)

time: Wed Mar 23 15:17:23 2022
timezone: Russia TZ 2 Standard Time
elapsed time: 13 seconds (0d 0h 0m 13s)

