#
# There is insufficient memory for the Java Runtime Environment to continue.
# Native memory allocation (mmap) failed to map 134217728 bytes for G1 virtual space
# Possible reasons:
#   The system is out of physical RAM or swap space
#   The process is running with CompressedOops enabled, and the Java Heap may be blocking the growth of the native heap
# Possible solutions:
#   Reduce memory load on the system
#   Increase physical memory or swap space
#   Check if swap backing store is full
#   Decrease Java heap size (-Xmx/-Xms)
#   Decrease number of Java threads
#   Decrease Java thread stack sizes (-Xss)
#   Set larger code cache with -XX:ReservedCodeCacheSize=
#   JVM is running with Unscaled Compressed Oops mode in which the Java heap is
#     placed in the first 4GB address space. The Java Heap base address is the
#     maximum limit for the native heap growth. Please use -XX:HeapBaseMinAddress
#     to set the Java Heap base and to place the Java Heap above 4GB virtual address.
# This output file may be truncated or incomplete.
#
#  Out of Memory Error (os_windows.cpp:3469), pid=19888, tid=17536
#
# JRE version:  (17.0.1+12) (build )
# Java VM: Java HotSpot(TM) 64-Bit Server VM (17.0.1+12-LTS-39, mixed mode, sharing, tiered, compressed oops, compressed class ptrs, g1 gc, windows-amd64)
# No core dump will be written. Minidumps are not enabled by default on client versions of Windows
#

---------------  S U M M A R Y ------------

Command Line: -Dorg.gradle.appname=gradlew org.gradle.wrapper.GradleWrapperMain -q -Ptarget-platform=android-arm64 -Ptarget=C:\Users\Beka\Desktop\Sheger Parking\sheger_parking\lib\main.dart -Pdart-defines=Zmx1dHRlci5pbnNwZWN0b3Iuc3RydWN0dXJlZEVycm9ycz10cnVl,RkxVVFRFUl9XRUJfQVVUT19ERVRFQ1Q9dHJ1ZQ== -Pdart-obfuscation=false -Ptrack-widget-creation=true -Ptree-shake-icons=false -Pfilesystem-scheme=org-dartlang-root assembleDebug

Host: Intel(R) Core(TM) i5-7300HQ CPU @ 2.50GHz, 4 cores, 7G,  Windows 10 , 64 bit Build 19041 (10.0.19041.1566)
Time: Wed Mar 23 15:18:43 2022 Russia TZ 2 Standard Time elapsed time: 0.047351 seconds (0d 0h 0m 0s)

---------------  T H R E A D  ---------------

Current thread (0x0000017843b24750):  JavaThread "Unknown thread" [_thread_in_vm, id=17536, stack(0x00000027a4300000,0x00000027a4400000)]

Stack: [0x00000027a4300000,0x00000027a4400000]
Native frames: (J=compiled Java code, j=interpreted, Vv=VM code, C=native code)
V  [jvm.dll+0x66fa1a]
V  [jvm.dll+0x7ce5a4]
V  [jvm.dll+0x7cfd4e]
V  [jvm.dll+0x7d03b3]
V  [jvm.dll+0x242b05]
V  [jvm.dll+0x66ca39]
V  [jvm.dll+0x661502]
V  [jvm.dll+0x30081b]
V  [jvm.dll+0x307da6]
V  [jvm.dll+0x357a1e]
V  [jvm.dll+0x357c4f]
V  [jvm.dll+0x2d7ad8]
V  [jvm.dll+0x2d8a44]
V  [jvm.dll+0x7a01e1]
V  [jvm.dll+0x365791]
V  [jvm.dll+0x77f6cc]
V  [jvm.dll+0x3e812f]
V  [jvm.dll+0x3e9bd1]
C  [jli.dll+0x527b]
C  [ucrtbase.dll+0x21bb2]
C  [KERNEL32.DLL+0x17034]
C  [ntdll.dll+0x52651]


---------------  P R O C E S S  ---------------

Threads class SMR info:
_java_thread_list=0x00007ffb4ae77818, length=0, elements={
}

Java Threads: ( => current thread )

Other Threads:
  0x0000017843b62ca0 GCTaskThread "GC Thread#0" [stack: 0x00000027a4400000,0x00000027a4500000] [id=3164]
  0x0000017843b74040 ConcurrentGCThread "G1 Main Marker" [stack: 0x00000027a4500000,0x00000027a4600000] [id=8172]
  0x0000017843b74a50 ConcurrentGCThread "G1 Conc#0" [stack: 0x00000027a4600000,0x00000027a4700000] [id=18696]

[error occurred during error reporting (printing all threads), id 0xc0000005, EXCEPTION_ACCESS_VIOLATION (0xc0000005) at pc=0x00007ffb4a6c84b7]

VM state: not at safepoint (not fully initialized)

VM Mutex/Monitor currently owned by a thread:  ([mutex/lock_event])
[0x0000017843b23610] Heap_lock - owner thread: 0x0000017843b24750

Heap address: 0x0000000081a00000, size: 2022 MB, Compressed Oops mode: 32-bit

CDS archive(s) mapped at: [0x0000000000000000-0x0000000000000000-0x0000000000000000), size 0, SharedBaseAddress: 0x0000000800000000, ArchiveRelocationMode: 0.
Narrow klass base: 0x0000000000000000, Narrow klass shift: 0, Narrow klass range: 0x0

GC Precious Log:
<Empty>

Heap:
 garbage-first heap   total 0K, used 0K [0x0000000081a00000, 0x0000000100000000)
  region size 1024K, 0 young (0K), 0 survivors (0K)

[error occurred during error reporting (printing heap information), id 0xc0000005, EXCEPTION_ACCESS_VIOLATION (0xc0000005) at pc=0x00007ffb4aaa8d89]

GC Heap History (0 events):
No events

Deoptimization events (0 events):
No events

Classes unloaded (0 events):
No events

Classes redefined (0 events):
No events

Internal exceptions (0 events):
No events

VM Operations (0 events):
No events

Events (1 events):
Event: 0.026 Loaded shared library C:\Program Files\Java\jdk-17.0.1\bin\java.dll


Dynamic libraries:
0x00007ff7d7580000 - 0x00007ff7d7590000 	C:\Program Files\Java\jdk-17.0.1\bin\java.exe
0x00007ffb839f0000 - 0x00007ffb83be5000 	C:\WINDOWS\SYSTEM32\ntdll.dll
0x00007ffb833b0000 - 0x00007ffb8346e000 	C:\WINDOWS\System32\KERNEL32.DLL
0x00007ffb81330000 - 0x00007ffb815f8000 	C:\WINDOWS\System32\KERNELBASE.dll
0x00007ffb811e0000 - 0x00007ffb812e0000 	C:\WINDOWS\System32\ucrtbase.dll
0x00007ffb6ea70000 - 0x00007ffb6ea88000 	C:\Program Files\Java\jdk-17.0.1\bin\jli.dll
0x00007ffb66480000 - 0x00007ffb6649a000 	C:\Program Files\Java\jdk-17.0.1\bin\VCRUNTIME140.dll
0x00007ffb83300000 - 0x00007ffb833ae000 	C:\WINDOWS\System32\ADVAPI32.dll
0x00007ffb831e0000 - 0x00007ffb8327e000 	C:\WINDOWS\System32\msvcrt.dll
0x00007ffb83470000 - 0x00007ffb8350c000 	C:\WINDOWS\System32\sechost.dll
0x00007ffb837f0000 - 0x00007ffb83915000 	C:\WINDOWS\System32\RPCRT4.dll
0x00007ffb82a00000 - 0x00007ffb82ba0000 	C:\WINDOWS\System32\USER32.dll
0x00007ffb81110000 - 0x00007ffb81132000 	C:\WINDOWS\System32\win32u.dll
0x00007ffb83980000 - 0x00007ffb839ab000 	C:\WINDOWS\System32\GDI32.dll
0x00007ffb6fca0000 - 0x00007ffb6ff3a000 	C:\WINDOWS\WinSxS\amd64_microsoft.windows.common-controls_6595b64144ccf1df_6.0.19041.1110_none_60b5254171f9507e\COMCTL32.dll
0x00007ffb81890000 - 0x00007ffb8199b000 	C:\WINDOWS\System32\gdi32full.dll
0x00007ffb81140000 - 0x00007ffb811dd000 	C:\WINDOWS\System32\msvcp_win.dll
0x00007ffb7f100000 - 0x00007ffb7f10a000 	C:\WINDOWS\SYSTEM32\VERSION.dll
0x00007ffb82ba0000 - 0x00007ffb82bd0000 	C:\WINDOWS\System32\IMM32.DLL
0x00007ffb7f130000 - 0x00007ffb7f13c000 	C:\Program Files\Java\jdk-17.0.1\bin\vcruntime140_1.dll
0x00007ffb4afa0000 - 0x00007ffb4b02d000 	C:\Program Files\Java\jdk-17.0.1\bin\msvcp140.dll
0x00007ffb4a3e0000 - 0x00007ffb4af9e000 	C:\Program Files\Java\jdk-17.0.1\bin\server\jvm.dll
0x00007ffb81b60000 - 0x00007ffb81b68000 	C:\WINDOWS\System32\PSAPI.DLL
0x00007ffb67ec0000 - 0x00007ffb67ec9000 	C:\WINDOWS\SYSTEM32\WSOCK32.dll
0x00007ffb76f60000 - 0x00007ffb76f87000 	C:\WINDOWS\SYSTEM32\WINMM.dll
0x00007ffb828c0000 - 0x00007ffb8292b000 	C:\WINDOWS\System32\WS2_32.dll
0x00007ffb7f9b0000 - 0x00007ffb7f9c2000 	C:\WINDOWS\SYSTEM32\kernel.appcore.dll
0x00007ffb7ab70000 - 0x00007ffb7ab7a000 	C:\Program Files\Java\jdk-17.0.1\bin\jimage.dll
0x00007ffb7c850000 - 0x00007ffb7ca34000 	C:\WINDOWS\SYSTEM32\DBGHELP.DLL
0x00007ffb6e250000 - 0x00007ffb6e27c000 	C:\WINDOWS\SYSTEM32\dbgcore.DLL
0x00007ffb81600000 - 0x00007ffb81682000 	C:\WINDOWS\System32\bcryptPrimitives.dll
0x00007ffb581c0000 - 0x00007ffb581e5000 	C:\Program Files\Java\jdk-17.0.1\bin\java.dll

dbghelp: loaded successfully - version: 4.0.5 - missing functions: none
symbol engine: initialized successfully - sym options: 0x614 - pdb path: .;C:\Program Files\Java\jdk-17.0.1\bin;C:\WINDOWS\SYSTEM32;C:\WINDOWS\WinSxS\amd64_microsoft.windows.common-controls_6595b64144ccf1df_6.0.19041.1110_none_60b5254171f9507e;C:\Program Files\Java\jdk-17.0.1\bin\server

VM Arguments:
jvm_args: -Dorg.gradle.appname=gradlew 
java_command: org.gradle.wrapper.GradleWrapperMain -q -Ptarget-platform=android-arm64 -Ptarget=C:\Users\Beka\Desktop\Sheger Parking\sheger_parking\lib\main.dart -Pdart-defines=Zmx1dHRlci5pbnNwZWN0b3Iuc3RydWN0dXJlZEVycm9ycz10cnVl,RkxVVFRFUl9XRUJfQVVUT19ERVRFQ1Q9dHJ1ZQ== -Pdart-obfuscation=false -Ptrack-widget-creation=true -Ptree-shake-icons=false -Pfilesystem-scheme=org-dartlang-root assembleDebug
java_class_path (initial): C:\Users\Beka\Desktop\Sheger Parking\sheger_parking\android\\gradle\wrapper\gradle-wrapper.jar
Launcher Type: SUN_STANDARD

[Global flags]
     intx CICompilerCount                          = 3                                         {product} {ergonomic}
     uint ConcGCThreads                            = 1                                         {product} {ergonomic}
     uint G1ConcRefinementThreads                  = 4                                         {product} {ergonomic}
   size_t G1HeapRegionSize                         = 1048576                                   {product} {ergonomic}
    uintx GCDrainStackTargetSize                   = 64                                        {product} {ergonomic}
   size_t InitialHeapSize                          = 134217728                                 {product} {ergonomic}
   size_t MarkStackSize                            = 4194304                                   {product} {ergonomic}
   size_t MaxHeapSize                              = 2120220672                                {product} {ergonomic}
   size_t MinHeapDeltaBytes                        = 1048576                                   {product} {ergonomic}
   size_t MinHeapSize                              = 8388608                                   {product} {ergonomic}
    uintx NonNMethodCodeHeapSize                   = 5832780                                {pd product} {ergonomic}
    uintx NonProfiledCodeHeapSize                  = 122912730                              {pd product} {ergonomic}
    uintx ProfiledCodeHeapSize                     = 122912730                              {pd product} {ergonomic}
    uintx ReservedCodeCacheSize                    = 251658240                              {pd product} {ergonomic}
     bool SegmentedCodeCache                       = true                                      {product} {ergonomic}
   size_t SoftMaxHeapSize                          = 2120220672                             {manageable} {ergonomic}
     bool UseCompressedClassPointers               = true                           {product lp64_product} {ergonomic}
     bool UseCompressedOops                        = true                           {product lp64_product} {ergonomic}
     bool UseG1GC                                  = true                                      {product} {ergonomic}
     bool UseLargePagesIndividualAllocation        = false                                  {pd product} {ergonomic}

Logging:
Log output configuration:
 #0: stdout all=warning uptime,level,tags
 #1: stderr all=off uptime,level,tags

Environment Variables:
JAVA_HOME=C:\Program Files\Java\jdk-17.0.1
CLASSPATH=C:\Users\Beka\Desktop\Sheger Parking\sheger_parking\android\\gradle\wrapper\gradle-wrapper.jar
PATH=C:\Program Files\Common Files\Oracle\Java\javapath;C:\Program Files (x86)\Common Files\Oracle\Java\javapath;C:\Program Files (x86)\Intel\iCLS Client\;C:\Program Files\Intel\iCLS Client\;C:\Windows\system32;C:\Windows;C:\Windows\System32\Wbem;C:\Windows\System32\WindowsPowerShell\v1.0\;C:\Program Files (x86)\Intel\Intel(R) Management Engine Components\DAL;C:\Program Files\Intel\Intel(R) Management Engine Components\DAL;C:\Program Files (x86)\Intel\Intel(R) Management Engine Components\IPT;C:\Program Files\Intel\Intel(R) Management Engine Components\IPT;C:\Program Files (x86)\NVIDIA Corporation\PhysX\Common;C:\WINDOWS\system32;C:\WINDOWS;C:\WINDOWS\System32\Wbem;C:\WINDOWS\System32\WindowsPowerShell\v1.0\;C:\WINDOWS\System32\OpenSSH\;C:\Program Files\Java\jre1.8.0_241\bin;C:\Program Files\Android\Android Studio\jre\bin;C:\Users\Beka\Downloads\Compressed\flutter\bin;C:\Program Files\Git\cmd;C:\Program Files\Java\jdk-17.0.1\bin;C:\Program Files\MongoDB\Server\5.0\bin;C:\Program Files\PuTTY\;C:\Program Files\nodejs\;C:\Users\Beka\AppData\Local\Programs\Python\Python38-32\Scripts\;C:\Users\Beka\AppData\Local\Programs\Python\Python38-32\;C:\Users\Beka\AppData\Local\Microsoft\WindowsApps;C:\Users\Beka\AppData\Local\Programs\Microsoft VS Code\bin;C:\src\flutter\bin;;C:\Program Files\JetBrains\IntelliJ IDEA Community Edition 2021.3.1\bin;;C:\Users\Beka\AppData\Roaming\npm;C:\src\flutter\bin\mingit\cmd
USERNAME=Beka
OS=Windows_NT
PROCESSOR_IDENTIFIER=Intel64 Family 6 Model 158 Stepping 9, GenuineIntel



---------------  S Y S T E M  ---------------

OS:
 Windows 10 , 64 bit Build 19041 (10.0.19041.1566)
OS uptime: 1 days 0:20 hours

CPU: total 4 (initial active 4) (4 cores per cpu, 1 threads per core) family 6 model 158 stepping 9 microcode 0xb4, cx8, cmov, fxsr, mmx, 3dnowpref, sse, sse2, sse3, ssse3, sse4.1, sse4.2, popcnt, lzcnt, tsc, tscinvbit, avx, avx2, aes, erms, clmul, bmi1, bmi2, adx, fma, vzeroupper, clflush, clflushopt

Memory: 4k page, system-wide physical 8084M (503M free)
TotalPageFile size 28052M (AvailPageFile size 33M)
current process WorkingSet (physical memory assigned to process): 10M, peak: 10M
current process commit charge ("private bytes"): 51M, peak: 179M

vm_info: Java HotSpot(TM) 64-Bit Server VM (17.0.1+12-LTS-39) for windows-amd64 JRE (17.0.1+12-LTS-39), built on Sep 27 2021 18:41:35 by "mach5one" with MS VC++ 16.8 (VS2019)

END.
