#
# There is insufficient memory for the Java Runtime Environment to continue.
# Native memory allocation (mmap) failed to map 134217728 bytes for G1 virtual space
# Possible reasons:
#   The system is out of physical RAM or swap space
#   The process is running with CompressedOops enabled, and the Java Heap may be blocking the growth of the native heap
# Possible solutions:
#   Reduce memory load on the system
#   Increase physical memory or swap space
#   Check if swap backing store is full
#   Decrease Java heap size (-Xmx/-Xms)
#   Decrease number of Java threads
#   Decrease Java thread stack sizes (-Xss)
#   Set larger code cache with -XX:ReservedCodeCacheSize=
#   JVM is running with Unscaled Compressed Oops mode in which the Java heap is
#     placed in the first 4GB address space. The Java Heap base address is the
#     maximum limit for the native heap growth. Please use -XX:HeapBaseMinAddress
#     to set the Java Heap base and to place the Java Heap above 4GB virtual address.
# This output file may be truncated or incomplete.
#
#  Out of Memory Error (os_windows.cpp:3469), pid=19768, tid=8036
#
# JRE version:  (17.0.1+12) (build )
# Java VM: Java HotSpot(TM) 64-Bit Server VM (17.0.1+12-LTS-39, mixed mode, sharing, tiered, compressed oops, compressed class ptrs, g1 gc, windows-amd64)
# No core dump will be written. Minidumps are not enabled by default on client versions of Windows
#

---------------  S U M M A R Y ------------

Command Line: -Dorg.gradle.appname=gradlew org.gradle.wrapper.GradleWrapperMain -q -Ptarget-platform=android-arm64 -Ptarget=C:\Users\Beka\Desktop\Sheger Parking\sheger_parking\lib\main.dart -Pdart-defines=Zmx1dHRlci5pbnNwZWN0b3Iuc3RydWN0dXJlZEVycm9ycz10cnVl,RkxVVFRFUl9XRUJfQVVUT19ERVRFQ1Q9dHJ1ZQ== -Pdart-obfuscation=false -Ptrack-widget-creation=true -Ptree-shake-icons=false -Pfilesystem-scheme=org-dartlang-root assembleDebug

Host: Intel(R) Core(TM) i5-7300HQ CPU @ 2.50GHz, 4 cores, 7G,  Windows 10 , 64 bit Build 19041 (10.0.19041.1566)
Time: Thu Apr 14 11:13:08 2022 Russia TZ 2 Standard Time elapsed time: 0.013308 seconds (0d 0h 0m 0s)

---------------  T H R E A D  ---------------

Current thread (0x000001b26b671080):  JavaThread "Unknown thread" [_thread_in_vm, id=8036, stack(0x0000005615200000,0x0000005615300000)]

Stack: [0x0000005615200000,0x0000005615300000]
Native frames: (J=compiled Java code, j=interpreted, Vv=VM code, C=native code)
V  [jvm.dll+0x66fa1a]
V  [jvm.dll+0x7ce5a4]
V  [jvm.dll+0x7cfd4e]
V  [jvm.dll+0x7d03b3]
V  [jvm.dll+0x242b05]
V  [jvm.dll+0x66ca39]
V  [jvm.dll+0x661502]
V  [jvm.dll+0x30081b]
V  [jvm.dll+0x307da6]
V  [jvm.dll+0x357a1e]
V  [jvm.dll+0x357c4f]
V  [jvm.dll+0x2d7ad8]
V  [jvm.dll+0x2d8a44]
V  [jvm.dll+0x7a01e1]
V  [jvm.dll+0x365791]
V  [jvm.dll+0x77f6cc]
V  [jvm.dll+0x3e812f]
V  [jvm.dll+0x3e9bd1]
C  [jli.dll+0x527b]
C  [ucrtbase.dll+0x21bb2]
C  [KERNEL32.DLL+0x17034]
C  [ntdll.dll+0x52651]


---------------  P R O C E S S  ---------------

Threads class SMR info:
_java_thread_list=0x00007ffa3ded7818, length=0, elements={
}

Java Threads: ( => current thread )

Other Threads:
  0x000001b26b6b0570 GCTaskThread "GC Thread#0" [stack: 0x0000005615300000,0x0000005615400000] [id=20456]
  0x000001b26b6c1170 ConcurrentGCThread "G1 Main Marker" [stack: 0x0000005615400000,0x0000005615500000] [id=4312]
  0x000001b26b6c2320 ConcurrentGCThread "G1 Conc#0" [stack: 0x0000005615500000,0x0000005615600000] [id=4364]

[error occurred during error reporting (printing all threads), id 0xc0000005, EXCEPTION_ACCESS_VIOLATION (0xc0000005) at pc=0x00007ffa3d7284b7]

VM state: not at safepoint (not fully initialized)

VM Mutex/Monitor currently owned by a thread:  ([mutex/lock_event])
[0x000001b26b66c640] Heap_lock - owner thread: 0x000001b26b671080

Heap address: 0x0000000081a00000, size: 2022 MB, Compressed Oops mode: 32-bit

CDS archive(s) mapped at: [0x0000000000000000-0x0000000000000000-0x0000000000000000), size 0, SharedBaseAddress: 0x0000000800000000, ArchiveRelocationMode: 0.
Narrow klass base: 0x0000000000000000, Narrow klass shift: 0, Narrow klass range: 0x0

GC Precious Log:
<Empty>

Heap:
 garbage-first heap   total 0K, used 0K [0x0000000081a00000, 0x0000000100000000)
  region size 1024K, 0 young (0K), 0 survivors (0K)

[error occurred during error reporting (printing heap information), id 0xc0000005, EXCEPTION_ACCESS_VIOLATION (0xc0000005) at pc=0x00007ffa3db08d89]

GC Heap History (0 events):
No events

Deoptimization events (0 events):
No events

Classes unloaded (0 events):
No events

Classes redefined (0 events):
No events

Internal exceptions (0 events):
No events

VM Operations (0 events):
No events

Events (1 events):
Event: 0.006 Loaded shared library C:\Program Files\Java\jdk-17.0.1\bin\java.dll


Dynamic libraries:
0x00007ff779f70000 - 0x00007ff779f80000 	C:\Program Files\Java\jdk-17.0.1\bin\java.exe
0x00007ffa79370000 - 0x00007ffa79565000 	C:\WINDOWS\SYSTEM32\ntdll.dll
0x00007ffa776a0000 - 0x00007ffa7775e000 	C:\WINDOWS\System32\KERNEL32.DLL
0x00007ffa77070000 - 0x00007ffa77338000 	C:\WINDOWS\System32\KERNELBASE.dll
0x00007ffa76a90000 - 0x00007ffa76b90000 	C:\WINDOWS\System32\ucrtbase.dll
0x00007ffa70ab0000 - 0x00007ffa70ac8000 	C:\Program Files\Java\jdk-17.0.1\bin\jli.dll
0x00007ffa6de80000 - 0x00007ffa6de9a000 	C:\Program Files\Java\jdk-17.0.1\bin\VCRUNTIME140.dll
0x00007ffa784a0000 - 0x00007ffa7854e000 	C:\WINDOWS\System32\ADVAPI32.dll
0x00007ffa77a80000 - 0x00007ffa77b1e000 	C:\WINDOWS\System32\msvcrt.dll
0x00007ffa78c50000 - 0x00007ffa78cec000 	C:\WINDOWS\System32\sechost.dll
0x00007ffa778a0000 - 0x00007ffa779c5000 	C:\WINDOWS\System32\RPCRT4.dll
0x00007ffa77500000 - 0x00007ffa776a0000 	C:\WINDOWS\System32\USER32.dll
0x00007ffa76b90000 - 0x00007ffa76bb2000 	C:\WINDOWS\System32\win32u.dll
0x00007ffa54dd0000 - 0x00007ffa5506a000 	C:\WINDOWS\WinSxS\amd64_microsoft.windows.common-controls_6595b64144ccf1df_6.0.19041.1110_none_60b5254171f9507e\COMCTL32.dll
0x00007ffa78550000 - 0x00007ffa7857a000 	C:\WINDOWS\System32\GDI32.dll
0x00007ffa76dc0000 - 0x00007ffa76ecb000 	C:\WINDOWS\System32\gdi32full.dll
0x00007ffa76f80000 - 0x00007ffa7701d000 	C:\WINDOWS\System32\msvcp_win.dll
0x00007ffa6c150000 - 0x00007ffa6c15a000 	C:\WINDOWS\SYSTEM32\VERSION.dll
0x00007ffa77b80000 - 0x00007ffa77bb0000 	C:\WINDOWS\System32\IMM32.DLL
0x00007ffa70d90000 - 0x00007ffa70d9c000 	C:\Program Files\Java\jdk-17.0.1\bin\vcruntime140_1.dll
0x00007ffa6b360000 - 0x00007ffa6b3ed000 	C:\Program Files\Java\jdk-17.0.1\bin\msvcp140.dll
0x00007ffa3d440000 - 0x00007ffa3dffe000 	C:\Program Files\Java\jdk-17.0.1\bin\server\jvm.dll
0x00007ffa78f40000 - 0x00007ffa78f48000 	C:\WINDOWS\System32\PSAPI.DLL
0x00007ffa60ee0000 - 0x00007ffa60f07000 	C:\WINDOWS\SYSTEM32\WINMM.dll
0x00007ffa60fe0000 - 0x00007ffa60fe9000 	C:\WINDOWS\SYSTEM32\WSOCK32.dll
0x00007ffa78300000 - 0x00007ffa7836b000 	C:\WINDOWS\System32\WS2_32.dll
0x00007ffa75300000 - 0x00007ffa75312000 	C:\WINDOWS\SYSTEM32\kernel.appcore.dll
0x00007ffa6fa60000 - 0x00007ffa6fa6a000 	C:\Program Files\Java\jdk-17.0.1\bin\jimage.dll
0x00007ffa74940000 - 0x00007ffa74b24000 	C:\WINDOWS\SYSTEM32\DBGHELP.DLL
0x00007ffa6d090000 - 0x00007ffa6d0bc000 	C:\WINDOWS\SYSTEM32\dbgcore.DLL
0x00007ffa77340000 - 0x00007ffa773c2000 	C:\WINDOWS\System32\bcryptPrimitives.dll
0x00007ffa6c4b0000 - 0x00007ffa6c4d5000 	C:\Program Files\Java\jdk-17.0.1\bin\java.dll

dbghelp: loaded successfully - version: 4.0.5 - missing functions: none
symbol engine: initialized successfully - sym options: 0x614 - pdb path: .;C:\Program Files\Java\jdk-17.0.1\bin;C:\WINDOWS\SYSTEM32;C:\WINDOWS\WinSxS\amd64_microsoft.windows.common-controls_6595b64144ccf1df_6.0.19041.1110_none_60b5254171f9507e;C:\Program Files\Java\jdk-17.0.1\bin\server

VM Arguments:
jvm_args: -Dorg.gradle.appname=gradlew 
java_command: org.gradle.wrapper.GradleWrapperMain -q -Ptarget-platform=android-arm64 -Ptarget=C:\Users\Beka\Desktop\Sheger Parking\sheger_parking\lib\main.dart -Pdart-defines=Zmx1dHRlci5pbnNwZWN0b3Iuc3RydWN0dXJlZEVycm9ycz10cnVl,RkxVVFRFUl9XRUJfQVVUT19ERVRFQ1Q9dHJ1ZQ== -Pdart-obfuscation=false -Ptrack-widget-creation=true -Ptree-shake-icons=false -Pfilesystem-scheme=org-dartlang-root assembleDebug
java_class_path (initial): C:\Users\Beka\Desktop\Sheger Parking\sheger_parking\android\\gradle\wrapper\gradle-wrapper.jar
Launcher Type: SUN_STANDARD

[Global flags]
     intx CICompilerCount                          = 3                                         {product} {ergonomic}
     uint ConcGCThreads                            = 1                                         {product} {ergonomic}
     uint G1ConcRefinementThreads                  = 4                                         {product} {ergonomic}
   size_t G1HeapRegionSize                         = 1048576                                   {product} {ergonomic}
    uintx GCDrainStackTargetSize                   = 64                                        {product} {ergonomic}
   size_t InitialHeapSize                          = 134217728                                 {product} {ergonomic}
   size_t MarkStackSize                            = 4194304                                   {product} {ergonomic}
   size_t MaxHeapSize                              = 2120220672                                {product} {ergonomic}
   size_t MinHeapDeltaBytes                        = 1048576                                   {product} {ergonomic}
   size_t MinHeapSize                              = 8388608                                   {product} {ergonomic}
    uintx NonNMethodCodeHeapSize                   = 5832780                                {pd product} {ergonomic}
    uintx NonProfiledCodeHeapSize                  = 122912730                              {pd product} {ergonomic}
    uintx ProfiledCodeHeapSize                     = 122912730                              {pd product} {ergonomic}
    uintx ReservedCodeCacheSize                    = 251658240                              {pd product} {ergonomic}
     bool SegmentedCodeCache                       = true                                      {product} {ergonomic}
   size_t SoftMaxHeapSize                          = 2120220672                             {manageable} {ergonomic}
     bool UseCompressedClassPointers               = true                           {product lp64_product} {ergonomic}
     bool UseCompressedOops                        = true                           {product lp64_product} {ergonomic}
     bool UseG1GC                                  = true                                      {product} {ergonomic}
     bool UseLargePagesIndividualAllocation        = false                                  {pd product} {ergonomic}

Logging:
Log output configuration:
 #0: stdout all=warning uptime,level,tags
 #1: stderr all=off uptime,level,tags

Environment Variables:
JAVA_HOME=C:\Program Files\Java\jdk-17.0.1
CLASSPATH=C:\Users\Beka\Desktop\Sheger Parking\sheger_parking\android\\gradle\wrapper\gradle-wrapper.jar
PATH=C:\Program Files\Common Files\Oracle\Java\javapath;C:\Program Files (x86)\Common Files\Oracle\Java\javapath;C:\Program Files (x86)\Intel\iCLS Client\;C:\Program Files\Intel\iCLS Client\;C:\Windows\system32;C:\Windows;C:\Windows\System32\Wbem;C:\Windows\System32\WindowsPowerShell\v1.0\;C:\Program Files (x86)\Intel\Intel(R) Management Engine Components\DAL;C:\Program Files\Intel\Intel(R) Management Engine Components\DAL;C:\Program Files (x86)\Intel\Intel(R) Management Engine Components\IPT;C:\Program Files\Intel\Intel(R) Management Engine Components\IPT;C:\Program Files (x86)\NVIDIA Corporation\PhysX\Common;C:\WINDOWS\system32;C:\WINDOWS;C:\WINDOWS\System32\Wbem;C:\WINDOWS\System32\WindowsPowerShell\v1.0\;C:\WINDOWS\System32\OpenSSH\;C:\Program Files\Java\jre1.8.0_241\bin;C:\Program Files\Android\Android Studio\jre\bin;C:\Users\Beka\Downloads\Compressed\flutter\bin;C:\Program Files\Git\cmd;C:\Program Files\Java\jdk-17.0.1\bin;C:\Program Files\MongoDB\Server\5.0\bin;C:\Program Files\PuTTY\;C:\Program Files\nodejs\;C:\Program Files\Docker\Docker\resources\bin;C:\ProgramData\DockerDesktop\version-bin;C:\Users\Beka\AppData\Local\Programs\Python\Python38-32\Scripts\;C:\Users\Beka\AppData\Local\Programs\Python\Python38-32\;C:\Users\Beka\AppData\Local\Microsoft\WindowsApps;C:\Users\Beka\AppData\Local\Programs\Microsoft VS Code\bin;C:\src\flutter\bin;;C:\Program Files\JetBrains\IntelliJ IDEA Community Edition 2021.3.1\bin;;C:\Users\Beka\AppData\Roaming\npm;C:\src\flutter\bin\mingit\cmd
USERNAME=Beka
OS=Windows_NT
PROCESSOR_IDENTIFIER=Intel64 Family 6 Model 158 Stepping 9, GenuineIntel



---------------  S Y S T E M  ---------------

OS:
 Windows 10 , 64 bit Build 19041 (10.0.19041.1566)
OS uptime: 5 days 15:51 hours
Hyper-V role detected

CPU: total 4 (initial active 4) (4 cores per cpu, 1 threads per core) family 6 model 158 stepping 9 microcode 0xb4, cx8, cmov, fxsr, mmx, 3dnowpref, sse, sse2, sse3, ssse3, sse4.1, sse4.2, popcnt, lzcnt, tsc, tscinvbit, avx, avx2, aes, erms, clmul, bmi1, bmi2, adx, fma, vzeroupper, clflush, clflushopt, hv

Memory: 4k page, system-wide physical 8084M (628M free)
TotalPageFile size 28052M (AvailPageFile size 52M)
current process WorkingSet (physical memory assigned to process): 10M, peak: 10M
current process commit charge ("private bytes"): 51M, peak: 179M

vm_info: Java HotSpot(TM) 64-Bit Server VM (17.0.1+12-LTS-39) for windows-amd64 JRE (17.0.1+12-LTS-39), built on Sep 27 2021 18:41:35 by "mach5one" with MS VC++ 16.8 (VS2019)

END.
