#
# There is insufficient memory for the Java Runtime Environment to continue.
# Native memory allocation (malloc) failed to allocate 302496 bytes for Chunk::new
# Possible reasons:
#   The system is out of physical RAM or swap space
#   The process is running with CompressedOops enabled, and the Java Heap may be blocking the growth of the native heap
# Possible solutions:
#   Reduce memory load on the system
#   Increase physical memory or swap space
#   Check if swap backing store is full
#   Decrease Java heap size (-Xmx/-Xms)
#   Decrease number of Java threads
#   Decrease Java thread stack sizes (-Xss)
#   Set larger code cache with -XX:ReservedCodeCacheSize=
#   JVM is running with Unscaled Compressed Oops mode in which the Java heap is
#     placed in the first 4GB address space. The Java Heap base address is the
#     maximum limit for the native heap growth. Please use -XX:HeapBaseMinAddress
#     to set the Java Heap base and to place the Java Heap above 4GB virtual address.
# This output file may be truncated or incomplete.
#
#  Out of Memory Error (allocation.cpp:389), pid=9108, tid=0x0000000000000218
#
# JRE version: OpenJDK Runtime Environment (8.0_242-b01) (build 1.8.0_242-release-1644-b01)
# Java VM: OpenJDK 64-Bit Server VM (25.242-b01 mixed mode windows-amd64 compressed oops)
# Failed to write core dump. Minidumps are not enabled by default on client versions of Windows
#

---------------  T H R E A D  ---------------

Current thread (0x000000001756d800):  JavaThread "C2 CompilerThread1" daemon [_thread_in_native, id=536, stack(0x0000000018cb0000,0x0000000018db0000)]

Stack: [0x0000000018cb0000,0x0000000018db0000]
[error occurred during error reporting (printing stack bounds), id 0xc0000005]

Native frames: (J=compiled Java code, j=interpreted, Vv=VM code, C=native code)


Current CompileTask:
C2:    667  579   !   4       sun.misc.URLClassPath$JarLoader::getResource (85 bytes)


---------------  P R O C E S S  ---------------

Java Threads: ( => current thread )
  0x0000000018ed8800 JavaThread "Service Thread" daemon [_thread_blocked, id=18164, stack(0x00000000192b0000,0x00000000193b0000)]
  0x000000001757b800 JavaThread "C1 CompilerThread2" daemon [_thread_blocked, id=7840, stack(0x0000000018db0000,0x0000000018eb0000)]
=>0x000000001756d800 JavaThread "C2 CompilerThread1" daemon [_thread_in_native, id=536, stack(0x0000000018cb0000,0x0000000018db0000)]
  0x0000000017569000 JavaThread "C2 CompilerThread0" daemon [_thread_blocked, id=11284, stack(0x0000000018bb0000,0x0000000018cb0000)]
  0x0000000017567800 JavaThread "Attach Listener" daemon [_thread_blocked, id=3940, stack(0x0000000018ab0000,0x0000000018bb0000)]
  0x0000000017566800 JavaThread "Signal Dispatcher" daemon [_thread_blocked, id=15996, stack(0x00000000189b0000,0x0000000018ab0000)]
  0x0000000017548800 JavaThread "Finalizer" daemon [_thread_blocked, id=16292, stack(0x00000000187b0000,0x00000000188b0000)]
  0x0000000002a14000 JavaThread "Reference Handler" daemon [_thread_blocked, id=15892, stack(0x00000000186b0000,0x00000000187b0000)]
  0x0000000002922800 JavaThread "main" [_thread_in_native, id=18672, stack(0x0000000002760000,0x0000000002860000)]

Other Threads:
  0x0000000017527000 VMThread [stack: 0x00000000185b0000,0x00000000186b0000] [id=10568]
  0x00000000175bd800 WatcherThread [stack: 0x00000000193b0000,0x00000000194b0000] [id=15692]

VM state:not at safepoint (normal execution)

VM Mutex/Monitor currently owned by a thread: None

heap address: 0x0000000081a00000, size: 2022 MB, Compressed Oops mode: 32-bit
Narrow klass base: 0x0000000000000000, Narrow klass shift: 3
Compressed class space size: 1073741824 Address: 0x0000000100000000

Heap:
 PSYoungGen      total 38400K, used 18678K [0x00000000d5e00000, 0x00000000d8880000, 0x0000000100000000)
  eden space 33280K, 56% used [0x00000000d5e00000,0x00000000d703da80,0x00000000d7e80000)
  from space 5120K, 0% used [0x00000000d8380000,0x00000000d8380000,0x00000000d8880000)
  to   space 5120K, 0% used [0x00000000d7e80000,0x00000000d7e80000,0x00000000d8380000)
 ParOldGen       total 87552K, used 0K [0x0000000081a00000, 0x0000000086f80000, 0x00000000d5e00000)
  object space 87552K, 0% used [0x0000000081a00000,0x0000000081a00000,0x0000000086f80000)
 Metaspace       used 6491K, capacity 6782K, committed 7040K, reserved 1056768K
  class space    used 764K, capacity 877K, committed 896K, reserved 1048576K

Card table byte_map: [0x0000000011de0000,0x00000000121e0000] byte_map_base: 0x00000000119d3000

Marking Bits: (ParMarkBitMap*) 0x000000006000f030
 Begin Bits: [0x0000000012890000, 0x0000000014828000)
 End Bits:   [0x0000000014828000, 0x00000000167c0000)

Polling page: 0x00000000026f0000

CodeCache: size=245760Kb used=2522Kb max_used=2522Kb free=243237Kb
 bounds [0x0000000002a20000, 0x0000000002ca0000, 0x0000000011a20000]
 total_blobs=898 nmethods=600 adapters=212
 compilation: enabled

Compilation events (10 events):
Event: 0.584 Thread 0x000000001757b800  578       3       java.util.Properties::getProperty (46 bytes)
Event: 0.584 Thread 0x000000001757b800 nmethod 578 0x0000000002c79b90 code [0x0000000002c79d20, 0x0000000002c7a238]
Event: 0.625 Thread 0x000000001756d800  579   !   4       sun.misc.URLClassPath$JarLoader::getResource (85 bytes)
Event: 0.627 Thread 0x000000001757b800  580       3       java.lang.Throwable::<init> (39 bytes)
Event: 0.628 Thread 0x000000001757b800 nmethod 580 0x0000000002c78310 code [0x0000000002c784a0, 0x0000000002c78a48]
Event: 0.630 Thread 0x000000001757b800  582       3       java.util.zip.ZipCoder::toString (190 bytes)
Event: 0.632 Thread 0x000000001757b800 nmethod 582 0x0000000002c80b90 code [0x0000000002c80f20, 0x0000000002c82ed8]
Event: 0.632 Thread 0x000000001757b800  583       3       java.util.zip.ZipCoder::decoder (35 bytes)
Event: 0.632 Thread 0x000000001757b800 nmethod 583 0x0000000002c77950 code [0x0000000002c77ae0, 0x0000000002c78148]
Event: 0.637 Thread 0x000000001757b800  586       3       java.util.zip.ZipEntry::setExtra0 (360 bytes)

GC Heap History (0 events):
No events

Deoptimization events (0 events):
No events

Classes redefined (0 events):
No events

Internal exceptions (10 events):
Event: 0.024 Thread 0x0000000002922800 Exception <a 'java/lang/NoSuchMethodError': Method sun.misc.Unsafe.defineClass(Ljava/lang/String;[BII)Ljava/lang/Class; name or signature does not match> (0x00000000d5e07cc8) thrown at [C:\src\AOSP-openjdk-git\hotspot\src\share\vm\prims\jni.cpp, line 4013
Event: 0.024 Thread 0x0000000002922800 Exception <a 'java/lang/NoSuchMethodError': Method sun.misc.Unsafe.prefetchRead(Ljava/lang/Object;J)V name or signature does not match> (0x00000000d5e07fb0) thrown at [C:\src\AOSP-openjdk-git\hotspot\src\share\vm\prims\jni.cpp, line 4013]
Event: 0.129 Thread 0x0000000002922800 Exception <a 'java/security/PrivilegedActionException'> (0x00000000d5fc0008) thrown at [C:\src\AOSP-openjdk-git\hotspot\src\share\vm\prims\jvm.cpp, line 1502]
Event: 0.129 Thread 0x0000000002922800 Exception <a 'java/security/PrivilegedActionException'> (0x00000000d5fc0218) thrown at [C:\src\AOSP-openjdk-git\hotspot\src\share\vm\prims\jvm.cpp, line 1502]
Event: 0.129 Thread 0x0000000002922800 Exception <a 'java/security/PrivilegedActionException'> (0x00000000d5fc3e20) thrown at [C:\src\AOSP-openjdk-git\hotspot\src\share\vm\prims\jvm.cpp, line 1502]
Event: 0.129 Thread 0x0000000002922800 Exception <a 'java/security/PrivilegedActionException'> (0x00000000d5fc4030) thrown at [C:\src\AOSP-openjdk-git\hotspot\src\share\vm\prims\jvm.cpp, line 1502]
Event: 0.130 Thread 0x0000000002922800 Exception <a 'java/security/PrivilegedActionException'> (0x00000000d5fc5568) thrown at [C:\src\AOSP-openjdk-git\hotspot\src\share\vm\prims\jvm.cpp, line 1502]
Event: 0.130 Thread 0x0000000002922800 Exception <a 'java/security/PrivilegedActionException'> (0x00000000d5fc5778) thrown at [C:\src\AOSP-openjdk-git\hotspot\src\share\vm\prims\jvm.cpp, line 1502]
Event: 0.232 Thread 0x0000000002922800 Exception <a 'java/lang/NoSuchFieldError': method resolution failed> (0x00000000d619d408) thrown at [C:\src\AOSP-openjdk-git\hotspot\src\share\vm\prims\methodHandles.cpp, line 1167]
Event: 0.238 Thread 0x0000000002922800 Exception <a 'java/lang/NoSuchFieldError': method resolution failed> (0x00000000d61aacf8) thrown at [C:\src\AOSP-openjdk-git\hotspot\src\share\vm\prims\methodHandles.cpp, line 1167]

Events (10 events):
Event: 0.626 loading class org/gradle/api/logging/configuration/ShowStacktrace
Event: 0.626 loading class org/gradle/api/logging/configuration/ShowStacktrace done
Event: 0.626 loading class org/gradle/api/logging/configuration/ConsoleOutput
Event: 0.626 loading class org/gradle/api/logging/configuration/ConsoleOutput done
Event: 0.627 loading class org/gradle/api/logging/configuration/WarningMode
Event: 0.627 loading class org/gradle/api/logging/configuration/WarningMode done
Event: 0.627 loading class org/gradle/launcher/cli/DefaultCommandLineActionFactory$WithLogging
Event: 0.627 loading class org/gradle/launcher/cli/DefaultCommandLineActionFactory$WithLogging done
Event: 0.627 loading class org/gradle/cli/CommandLineArgumentException
Event: 0.627 loading class org/gradle/cli/CommandLineArgumentException done


Dynamic libraries:
0x00007ff665330000 - 0x00007ff665361000 	C:\Program Files\Android\Android Studio\jre\bin\java.exe
0x00007ffb839f0000 - 0x00007ffb83be5000 	C:\WINDOWS\SYSTEM32\ntdll.dll
0x00007ffb833b0000 - 0x00007ffb8346e000 	C:\WINDOWS\System32\KERNEL32.DLL
0x00007ffb81330000 - 0x00007ffb815f8000 	C:\WINDOWS\System32\KERNELBASE.dll
0x00007ffb83300000 - 0x00007ffb833ae000 	C:\WINDOWS\System32\ADVAPI32.dll
0x00007ffb831e0000 - 0x00007ffb8327e000 	C:\WINDOWS\System32\msvcrt.dll
0x00007ffb83470000 - 0x00007ffb8350c000 	C:\WINDOWS\System32\sechost.dll
0x00007ffb837f0000 - 0x00007ffb83915000 	C:\WINDOWS\System32\RPCRT4.dll
0x00007ffb82a00000 - 0x00007ffb82ba0000 	C:\WINDOWS\System32\USER32.dll
0x00007ffb81110000 - 0x00007ffb81132000 	C:\WINDOWS\System32\win32u.dll
0x00007ffb83980000 - 0x00007ffb839ab000 	C:\WINDOWS\System32\GDI32.dll
0x00007ffb81890000 - 0x00007ffb8199b000 	C:\WINDOWS\System32\gdi32full.dll
0x00007ffb81140000 - 0x00007ffb811dd000 	C:\WINDOWS\System32\msvcp_win.dll
0x00007ffb811e0000 - 0x00007ffb812e0000 	C:\WINDOWS\System32\ucrtbase.dll
0x00007ffb6fca0000 - 0x00007ffb6ff3a000 	C:\WINDOWS\WinSxS\amd64_microsoft.windows.common-controls_6595b64144ccf1df_6.0.19041.1110_none_60b5254171f9507e\COMCTL32.dll
0x00007ffb82ba0000 - 0x00007ffb82bd0000 	C:\WINDOWS\System32\IMM32.DLL
0x000000005f680000 - 0x000000005f752000 	C:\Program Files\Android\Android Studio\jre\jre\bin\msvcr100.dll
0x000000005f840000 - 0x000000006008b000 	C:\Program Files\Android\Android Studio\jre\jre\bin\server\jvm.dll
0x00007ffb81b60000 - 0x00007ffb81b68000 	C:\WINDOWS\System32\PSAPI.DLL
0x00007ffb7f100000 - 0x00007ffb7f10a000 	C:\WINDOWS\SYSTEM32\VERSION.dll
0x00007ffb76f60000 - 0x00007ffb76f87000 	C:\WINDOWS\SYSTEM32\WINMM.dll
0x00007ffb67ec0000 - 0x00007ffb67ec9000 	C:\WINDOWS\SYSTEM32\WSOCK32.dll
0x00007ffb828c0000 - 0x00007ffb8292b000 	C:\WINDOWS\System32\WS2_32.dll
0x00007ffb7a9f0000 - 0x00007ffb7a9ff000 	C:\Program Files\Android\Android Studio\jre\jre\bin\verify.dll
0x00007ffb785c0000 - 0x00007ffb785e9000 	C:\Program Files\Android\Android Studio\jre\jre\bin\java.dll
0x00007ffb6eb30000 - 0x00007ffb6eb46000 	C:\Program Files\Android\Android Studio\jre\jre\bin\zip.dll
0x00007ffb81c60000 - 0x00007ffb823a4000 	C:\WINDOWS\System32\SHELL32.dll
0x00007ffb7f200000 - 0x00007ffb7f994000 	C:\WINDOWS\SYSTEM32\windows.storage.dll
0x00007ffb823b0000 - 0x00007ffb82704000 	C:\WINDOWS\System32\combase.dll
0x00007ffb80b70000 - 0x00007ffb80b9c000 	C:\WINDOWS\SYSTEM32\Wldp.dll
0x00007ffb82950000 - 0x00007ffb829fd000 	C:\WINDOWS\System32\SHCORE.dll
0x00007ffb81c00000 - 0x00007ffb81c55000 	C:\WINDOWS\System32\shlwapi.dll
0x00007ffb81050000 - 0x00007ffb8106f000 	C:\WINDOWS\SYSTEM32\profapi.dll
0x00007ffb6eb10000 - 0x00007ffb6eb2a000 	C:\Program Files\Android\Android Studio\jre\jre\bin\net.dll
0x00007ffb808d0000 - 0x00007ffb8093a000 	C:\WINDOWS\system32\mswsock.dll
0x00007ffb6eaf0000 - 0x00007ffb6eb03000 	C:\Program Files\Android\Android Studio\jre\jre\bin\nio.dll

VM Arguments:
jvm_args: -Dorg.gradle.appname=gradlew 
java_command: org.gradle.wrapper.GradleWrapperMain -q -Ptarget-platform=android-arm64 -Ptarget=C:\Users\Beka\AndroidStudioProjects\ehet_alem\lib\main.dart -Pdart-defines=Zmx1dHRlci5pbnNwZWN0b3Iuc3RydWN0dXJlZEVycm9ycz10cnVl,RkxVVFRFUl9XRUJfQVVUT19ERVRFQ1Q9dHJ1ZQ== -Pdart-obfuscation=false -Ptrack-widget-creation=true -Ptree-shake-icons=false -Pfilesystem-scheme=org-dartlang-root assembleDebug
java_class_path (initial): C:\Users\Beka\AndroidStudioProjects\ehet_alem\android\\gradle\wrapper\gradle-wrapper.jar
Launcher Type: SUN_STANDARD

Environment Variables:
JAVA_HOME=C:\Program Files\Android\Android Studio\jre
CLASSPATH=C:\Users\Beka\AndroidStudioProjects\ehet_alem\android\\gradle\wrapper\gradle-wrapper.jar
PATH=C:\Program Files\Common Files\Oracle\Java\javapath;C:\Program Files (x86)\Common Files\Oracle\Java\javapath;C:\Program Files (x86)\Intel\iCLS Client\;C:\Program Files\Intel\iCLS Client\;C:\Windows\system32;C:\Windows;C:\Windows\System32\Wbem;C:\Windows\System32\WindowsPowerShell\v1.0\;C:\Program Files (x86)\Intel\Intel(R) Management Engine Components\DAL;C:\Program Files\Intel\Intel(R) Management Engine Components\DAL;C:\Program Files (x86)\Intel\Intel(R) Management Engine Components\IPT;C:\Program Files\Intel\Intel(R) Management Engine Components\IPT;C:\Program Files (x86)\NVIDIA Corporation\PhysX\Common;C:\WINDOWS\system32;C:\WINDOWS;C:\WINDOWS\System32\Wbem;C:\WINDOWS\System32\WindowsPowerShell\v1.0\;C:\WINDOWS\System32\OpenSSH\;C:\Program Files\Java\jre1.8.0_241\bin;C:\Program Files\Android\Android Studio\jre\bin;C:\Users\Beka\Downloads\Compressed\flutter\bin;C:\Program Files\Git\cmd;C:\Program Files\Java\jdk-17.0.1\bin;C:\Program Files\MongoDB\Server\5.0\bin;C:\Program Files\PuTTY\;C:\Program Files\nodejs\;C:\Users\Beka\AppData\Local\Programs\Python\Python38-32\Scripts\;C:\Users\Beka\AppData\Local\Programs\Python\Python38-32\;C:\Users\Beka\AppData\Local\Microsoft\WindowsApps;C:\Users\Beka\AppData\Local\Programs\Microsoft VS Code\bin;C:\src\flutter\bin;;C:\Program Files\JetBrains\IntelliJ IDEA Community Edition 2021.3.1\bin;;C:\Users\Beka\AppData\Roaming\npm;C:\src\flutter\bin\mingit\cmd
USERNAME=Beka
OS=Windows_NT
PROCESSOR_IDENTIFIER=Intel64 Family 6 Model 158 Stepping 9, GenuineIntel



---------------  S Y S T E M  ---------------

OS: Windows 10.0 , 64 bit Build 19041 (10.0.19041.1566)

CPU:total 4 (initial active 4) (4 cores per cpu, 1 threads per core) family 6 model 158 stepping 9, cmov, cx8, fxsr, mmx, sse, sse2, sse3, ssse3, sse4.1, sse4.2, popcnt, avx, avx2, aes, clmul, erms, 3dnowpref, lzcnt, tsc, tscinvbit, bmi1, bmi2, adx

Memory: 4k page, physical 8278180k(424880k free), swap 28725412k(2416k free)

vm_info: OpenJDK 64-Bit Server VM (25.242-b01) for windows-amd64 JRE (1.8.0_242-release-1644-b01), built by "builder" with MS VC++ 10.0 (VS2010)

time: Wed Mar 23 15:19:17 2022
timezone: Russia TZ 2 Standard Time
elapsed time: 0 seconds (0d 0h 0m 0s)

